[debug] [2020-08-27T20:32:13.936Z] ----------------------------------------------------------------------
[debug] [2020-08-27T20:32:13.939Z] Command:       /Users/chikai/.nvm/versions/node/v10.18.1/bin/node /Users/chikai/.nvm/versions/node/v10.18.1/bin/firebase serve
[debug] [2020-08-27T20:32:13.941Z] CLI Version:   8.7.0
[debug] [2020-08-27T20:32:13.941Z] Platform:      darwin
[debug] [2020-08-27T20:32:13.941Z] Node Version:  v10.18.1
[debug] [2020-08-27T20:32:13.942Z] Time:          Thu Aug 27 2020 13:32:13 GMT-0700 (Pacific Daylight Time)
[debug] [2020-08-27T20:32:13.943Z] ----------------------------------------------------------------------
[debug] [2020-08-27T20:32:13.943Z] 
[debug] [2020-08-27T20:32:13.958Z] > command requires scopes: ["email","openid","https://www.googleapis.com/auth/cloudplatformprojects.readonly","https://www.googleapis.com/auth/firebase","https://www.googleapis.com/auth/cloud-platform"]
[debug] [2020-08-27T20:32:13.959Z] > authorizing via signed-in user
[debug] [2020-08-27T20:32:13.959Z] [iam] checking project template-test-project-c166d for permissions ["firebase.projects.get"]
[debug] [2020-08-27T20:32:13.963Z] > refreshing access token with scopes: ["email","https://www.googleapis.com/auth/cloud-platform","https://www.googleapis.com/auth/cloudplatformprojects.readonly","https://www.googleapis.com/auth/firebase","openid"]
[debug] [2020-08-27T20:32:13.964Z] >>> HTTP REQUEST POST https://www.googleapis.com/oauth2/v3/token  
 <request body omitted>
[debug] [2020-08-27T20:32:14.209Z] <<< HTTP RESPONSE 200 {"content-type":"application/json; charset=utf-8","vary":"X-Origin, Referer, Origin,Accept-Encoding","date":"Thu, 27 Aug 2020 20:32:14 GMT","server":"scaffolding on HTTPServer2","cache-control":"private","x-xss-protection":"0","x-frame-options":"SAMEORIGIN","x-content-type-options":"nosniff","alt-svc":"h3-29=\":443\"; ma=2592000,h3-27=\":443\"; ma=2592000,h3-T051=\":443\"; ma=2592000,h3-T050=\":443\"; ma=2592000,h3-Q050=\":443\"; ma=2592000,h3-Q046=\":443\"; ma=2592000,h3-Q043=\":443\"; ma=2592000,quic=\":443\"; ma=2592000; v=\"46,43\"","accept-ranges":"none","transfer-encoding":"chunked"}
[debug] [2020-08-27T20:32:14.232Z] >>> HTTP REQUEST POST https://cloudresourcemanager.googleapis.com/v1/projects/template-test-project-c166d:testIamPermissions  
 {"permissions":["firebase.projects.get"]}
[debug] [2020-08-27T20:32:14.569Z] <<< HTTP RESPONSE 200 {"content-type":"application/json; charset=UTF-8","vary":"X-Origin, Referer, Origin,Accept-Encoding","date":"Thu, 27 Aug 2020 20:32:14 GMT","server":"ESF","cache-control":"private","x-xss-protection":"0","x-frame-options":"SAMEORIGIN","x-content-type-options":"nosniff","server-timing":"gfet4t7; dur=154","alt-svc":"h3-29=\":443\"; ma=2592000,h3-27=\":443\"; ma=2592000,h3-T051=\":443\"; ma=2592000,h3-T050=\":443\"; ma=2592000,h3-Q050=\":443\"; ma=2592000,h3-Q046=\":443\"; ma=2592000,h3-Q043=\":443\"; ma=2592000,quic=\":443\"; ma=2592000; v=\"46,43\"","accept-ranges":"none","transfer-encoding":"chunked"}
[debug] [2020-08-27T20:32:14.571Z] >>> HTTP REQUEST GET https://firebase.googleapis.com/v1beta1/projects/template-test-project-c166d  
 
[debug] [2020-08-27T20:32:14.913Z] <<< HTTP RESPONSE 200 {"content-type":"application/json; charset=UTF-8","vary":"X-Origin, Referer, Origin,Accept-Encoding","date":"Thu, 27 Aug 2020 20:32:14 GMT","server":"ESF","cache-control":"private","x-xss-protection":"0","x-frame-options":"SAMEORIGIN","x-content-type-options":"nosniff","alt-svc":"h3-29=\":443\"; ma=2592000,h3-27=\":443\"; ma=2592000,h3-T050=\":443\"; ma=2592000,h3-Q050=\":443\"; ma=2592000,h3-Q046=\":443\"; ma=2592000,h3-Q043=\":443\"; ma=2592000,quic=\":443\"; ma=2592000; v=\"46,43\"","accept-ranges":"none","transfer-encoding":"chunked"}
[info] 
[info] === Serving from '/Users/chikai/GitHub/shoestring/angular-template'...
[info] 
[debug] [2020-08-27T20:32:14.920Z] >>> HTTP REQUEST GET https://firebase.googleapis.com/v1beta1/projects/template-test-project-c166d/webApps/-/config  
 
[info] ✔  functions: Using node@10 from host. {"metadata":{"emulator":{"name":"functions"},"message":"Using node@10 from host."}}
[debug] [2020-08-27T20:32:15.534Z] <<< HTTP RESPONSE 200 {"content-type":"application/json; charset=UTF-8","vary":"X-Origin, Referer, Origin,Accept-Encoding","date":"Thu, 27 Aug 2020 20:32:15 GMT","server":"ESF","cache-control":"private","x-xss-protection":"0","x-frame-options":"SAMEORIGIN","x-content-type-options":"nosniff","alt-svc":"h3-29=\":443\"; ma=2592000,h3-27=\":443\"; ma=2592000,h3-T050=\":443\"; ma=2592000,h3-Q050=\":443\"; ma=2592000,h3-Q046=\":443\"; ma=2592000,h3-Q043=\":443\"; ma=2592000,quic=\":443\"; ma=2592000; v=\"46,43\"","accept-ranges":"none","transfer-encoding":"chunked"}
[info] i  functions: Watching "/Users/chikai/GitHub/shoestring/angular-template/functions" for Cloud Functions... {"metadata":{"emulator":{"name":"functions"},"message":"Watching \"/Users/chikai/GitHub/shoestring/angular-template/functions\" for Cloud Functions..."}}
[debug] [2020-08-27T20:32:15.579Z] [worker-pool] addWorker(~diagnostic~) {"metadata":{"emulator":{"name":"functions"},"message":"[worker-pool] addWorker(~diagnostic~)"}}
[debug] [2020-08-27T20:32:15.580Z] [worker-pool] Adding worker with key ~diagnostic~, total=1 {"metadata":{"emulator":{"name":"functions"},"message":"[worker-pool] Adding worker with key ~diagnostic~, total=1"}}
[debug] [2020-08-27T20:32:15.580Z] [worker-pool] submitWork(triggerId=) {"metadata":{"emulator":{"name":"functions"},"message":"[worker-pool] submitWork(triggerId=)"}}
[debug] [2020-08-27T20:32:15.580Z] [worker-~diagnostic~-4b98bbc0-083a-4e65-b33e-30b2e6700a36]: Assigning socketPath: /var/folders/bq/t0l12xrj35d_8w8cfh5k7my80000gn/T/fire_emu_33147.sock {"metadata":{"emulator":{"name":"functions"},"message":"[worker-~diagnostic~-4b98bbc0-083a-4e65-b33e-30b2e6700a36]: Assigning socketPath: /var/folders/bq/t0l12xrj35d_8w8cfh5k7my80000gn/T/fire_emu_33147.sock"}}
[debug] [2020-08-27T20:32:15.581Z] [worker-~diagnostic~-4b98bbc0-083a-4e65-b33e-30b2e6700a36]: BUSY {"metadata":{"emulator":{"name":"functions"},"message":"[worker-~diagnostic~-4b98bbc0-083a-4e65-b33e-30b2e6700a36]: BUSY"}}
[info] i  hosting: Serving hosting files from: dist/app {"metadata":{"emulator":{"name":"hosting"},"message":"Serving hosting files from: \u001b[1mdist/app\u001b[22m"}}
[info] ✔  hosting: Local server: http://localhost:5000 {"metadata":{"emulator":{"name":"hosting"},"message":"Local server: \u001b[4m\u001b[1mhttp://localhost:5000\u001b[22m\u001b[24m"}}
[debug] [2020-08-27T20:32:15.937Z] [runtime-status] [33147] Functions runtime initialized. {"cwd":"/Users/chikai/GitHub/shoestring/angular-template/functions","node_version":"10.18.1"} {"metadata":{"emulator":{"name":"functions"},"message":"[runtime-status] [33147] Functions runtime initialized. {\"cwd\":\"/Users/chikai/GitHub/shoestring/angular-template/functions\",\"node_version\":\"10.18.1\"}"}}
[debug] [2020-08-27T20:32:15.938Z] [runtime-status] [33147] Disabled runtime features: undefined {"metadata":{"emulator":{"name":"functions"},"message":"[runtime-status] [33147] Disabled runtime features: undefined"}}
[debug] [2020-08-27T20:32:15.945Z] [runtime-status] [33147] Resolved module firebase-admin {"declared":true,"installed":true,"version":"8.13.0","resolution":"/Users/chikai/GitHub/shoestring/angular-template/functions/node_modules/firebase-admin/lib/index.js"} {"metadata":{"emulator":{"name":"functions"},"message":"[runtime-status] [33147] Resolved module firebase-admin {\"declared\":true,\"installed\":true,\"version\":\"8.13.0\",\"resolution\":\"/Users/chikai/GitHub/shoestring/angular-template/functions/node_modules/firebase-admin/lib/index.js\"}"}}
[debug] [2020-08-27T20:32:15.947Z] [runtime-status] [33147] Resolved module firebase-functions {"declared":true,"installed":true,"version":"3.11.0","resolution":"/Users/chikai/GitHub/shoestring/angular-template/functions/node_modules/firebase-functions/lib/index.js"} {"metadata":{"emulator":{"name":"functions"},"message":"[runtime-status] [33147] Resolved module firebase-functions {\"declared\":true,\"installed\":true,\"version\":\"3.11.0\",\"resolution\":\"/Users/chikai/GitHub/shoestring/angular-template/functions/node_modules/firebase-functions/lib/index.js\"}"}}
[debug] [2020-08-27T20:32:15.948Z] [runtime-status] [33147] Resolved module firebase-functions {"declared":true,"installed":true,"version":"3.11.0","resolution":"/Users/chikai/GitHub/shoestring/angular-template/functions/node_modules/firebase-functions/lib/index.js"} {"metadata":{"emulator":{"name":"functions"},"message":"[runtime-status] [33147] Resolved module firebase-functions {\"declared\":true,\"installed\":true,\"version\":\"3.11.0\",\"resolution\":\"/Users/chikai/GitHub/shoestring/angular-template/functions/node_modules/firebase-functions/lib/index.js\"}"}}
[debug] [2020-08-27T20:32:15.952Z] [runtime-status] [33147] Outgoing network have been stubbed. [{"name":"http","status":"mocked"},{"name":"http","status":"mocked"},{"name":"https","status":"mocked"},{"name":"https","status":"mocked"},{"name":"net","status":"mocked"}] {"metadata":{"emulator":{"name":"functions"},"message":"[runtime-status] [33147] Outgoing network have been stubbed. [{\"name\":\"http\",\"status\":\"mocked\"},{\"name\":\"http\",\"status\":\"mocked\"},{\"name\":\"https\",\"status\":\"mocked\"},{\"name\":\"https\",\"status\":\"mocked\"},{\"name\":\"net\",\"status\":\"mocked\"}]"}}
[debug] [2020-08-27T20:32:15.952Z] [runtime-status] [33147] Resolved module firebase-functions {"declared":true,"installed":true,"version":"3.11.0","resolution":"/Users/chikai/GitHub/shoestring/angular-template/functions/node_modules/firebase-functions/lib/index.js"} {"metadata":{"emulator":{"name":"functions"},"message":"[runtime-status] [33147] Resolved module firebase-functions {\"declared\":true,\"installed\":true,\"version\":\"3.11.0\",\"resolution\":\"/Users/chikai/GitHub/shoestring/angular-template/functions/node_modules/firebase-functions/lib/index.js\"}"}}
[debug] [2020-08-27T20:32:16.036Z] [runtime-status] [33147] Checked functions.config() {"config":{}} {"metadata":{"emulator":{"name":"functions"},"message":"[runtime-status] [33147] Checked functions.config() {\"config\":{}}"}}
[debug] [2020-08-27T20:32:16.036Z] [runtime-status] [33147] firebase-functions has been stubbed. {"functionsResolution":{"declared":true,"installed":true,"version":"3.11.0","resolution":"/Users/chikai/GitHub/shoestring/angular-template/functions/node_modules/firebase-functions/lib/index.js"}} {"metadata":{"emulator":{"name":"functions"},"message":"[runtime-status] [33147] firebase-functions has been stubbed. {\"functionsResolution\":{\"declared\":true,\"installed\":true,\"version\":\"3.11.0\",\"resolution\":\"/Users/chikai/GitHub/shoestring/angular-template/functions/node_modules/firebase-functions/lib/index.js\"}}"}}
[debug] [2020-08-27T20:32:16.037Z] [runtime-status] [33147] Resolved module firebase-functions {"declared":true,"installed":true,"version":"3.11.0","resolution":"/Users/chikai/GitHub/shoestring/angular-template/functions/node_modules/firebase-functions/lib/index.js"} {"metadata":{"emulator":{"name":"functions"},"message":"[runtime-status] [33147] Resolved module firebase-functions {\"declared\":true,\"installed\":true,\"version\":\"3.11.0\",\"resolution\":\"/Users/chikai/GitHub/shoestring/angular-template/functions/node_modules/firebase-functions/lib/index.js\"}"}}
[debug] [2020-08-27T20:32:16.037Z] [runtime-status] [33147] Resolved module firebase-admin {"declared":true,"installed":true,"version":"8.13.0","resolution":"/Users/chikai/GitHub/shoestring/angular-template/functions/node_modules/firebase-admin/lib/index.js"} {"metadata":{"emulator":{"name":"functions"},"message":"[runtime-status] [33147] Resolved module firebase-admin {\"declared\":true,\"installed\":true,\"version\":\"8.13.0\",\"resolution\":\"/Users/chikai/GitHub/shoestring/angular-template/functions/node_modules/firebase-admin/lib/index.js\"}"}}
[debug] [2020-08-27T20:32:16.038Z] [runtime-status] [33147] Resolved module firebase-functions {"declared":true,"installed":true,"version":"3.11.0","resolution":"/Users/chikai/GitHub/shoestring/angular-template/functions/node_modules/firebase-functions/lib/index.js"} {"metadata":{"emulator":{"name":"functions"},"message":"[runtime-status] [33147] Resolved module firebase-functions {\"declared\":true,\"installed\":true,\"version\":\"3.11.0\",\"resolution\":\"/Users/chikai/GitHub/shoestring/angular-template/functions/node_modules/firebase-functions/lib/index.js\"}"}}
[debug] [2020-08-27T20:32:16.038Z] [runtime-status] [33147] firebase-admin has been stubbed. {"adminResolution":{"declared":true,"installed":true,"version":"8.13.0","resolution":"/Users/chikai/GitHub/shoestring/angular-template/functions/node_modules/firebase-admin/lib/index.js"}} {"metadata":{"emulator":{"name":"functions"},"message":"[runtime-status] [33147] firebase-admin has been stubbed. {\"adminResolution\":{\"declared\":true,\"installed\":true,\"version\":\"8.13.0\",\"resolution\":\"/Users/chikai/GitHub/shoestring/angular-template/functions/node_modules/firebase-admin/lib/index.js\"}}"}}
[warn] ⚠  Error: Cannot find module '/Users/chikai/GitHub/shoestring/angular-template/functions'
    at Function.Module._resolveFilename (internal/modules/cjs/loader.js:636:15)
    at Function.Module._load (internal/modules/cjs/loader.js:562:25)
    at Module.require (internal/modules/cjs/loader.js:692:17)
    at require (internal/modules/cjs/helpers.js:25:18)
    at /Users/chikai/.nvm/versions/node/v10.18.1/lib/node_modules/firebase-tools/lib/emulator/functionsEmulatorRuntime.js:681:33
    at Generator.next (<anonymous>)
    at fulfilled (/Users/chikai/.nvm/versions/node/v10.18.1/lib/node_modules/firebase-tools/lib/emulator/functionsEmulatorRuntime.js:5:58)
    at process._tickCallback (internal/process/next_tick.js:68:7) {"metadata":{"emulator":{"name":"functions"},"message":"Error: Cannot find module '/Users/chikai/GitHub/shoestring/angular-template/functions'\n    at Function.Module._resolveFilename (internal/modules/cjs/loader.js:636:15)\n    at Function.Module._load (internal/modules/cjs/loader.js:562:25)\n    at Module.require (internal/modules/cjs/loader.js:692:17)\n    at require (internal/modules/cjs/helpers.js:25:18)\n    at /Users/chikai/.nvm/versions/node/v10.18.1/lib/node_modules/firebase-tools/lib/emulator/functionsEmulatorRuntime.js:681:33\n    at Generator.next (<anonymous>)\n    at fulfilled (/Users/chikai/.nvm/versions/node/v10.18.1/lib/node_modules/firebase-tools/lib/emulator/functionsEmulatorRuntime.js:5:58)\n    at process._tickCallback (internal/process/next_tick.js:68:7)"}}
[warn] ⚠  We were unable to load your functions code. (see above)
   - It appears your code is written in Typescript, which must be compiled before emulation.
   - You may be able to run "npm run build" in your functions directory to resolve this. {"metadata":{"emulator":{"name":"functions"}}}
[debug] [2020-08-27T20:32:16.064Z] [worker-~diagnostic~-4b98bbc0-083a-4e65-b33e-30b2e6700a36]: exited {"metadata":{"emulator":{"name":"functions"},"message":"[worker-~diagnostic~-4b98bbc0-083a-4e65-b33e-30b2e6700a36]: exited"}}
[debug] [2020-08-27T20:32:16.064Z] [worker-~diagnostic~-4b98bbc0-083a-4e65-b33e-30b2e6700a36]: FINISHED {"metadata":{"emulator":{"name":"functions"},"message":"[worker-~diagnostic~-4b98bbc0-083a-4e65-b33e-30b2e6700a36]: FINISHED"}}
[info] i  hosting: 127.0.0.1 - - [27/Aug/2020:20:32:26 +0000] "GET / HTTP/1.1" 200 498 "-" "Mozilla/5.0 (Macintosh; Intel Mac OS X 10_15_5) AppleWebKit/537.36 (KHTML, like Gecko) Chrome/84.0.4147.135 Safari/537.36" {"metadata":{"emulator":{"name":"hosting"},"message":"127.0.0.1 - - [27/Aug/2020:20:32:26 +0000] \"GET / HTTP/1.1\" 200 498 \"-\" \"Mozilla/5.0 (Macintosh; Intel Mac OS X 10_15_5) AppleWebKit/537.36 (KHTML, like Gecko) Chrome/84.0.4147.135 Safari/537.36\""}}
[info] i  hosting: 127.0.0.1 - - [27/Aug/2020:20:32:26 +0000] "GET /runtime.js HTTP/1.1" 200 6299 "http://localhost:5000/" "Mozilla/5.0 (Macintosh; Intel Mac OS X 10_15_5) AppleWebKit/537.36 (KHTML, like Gecko) Chrome/84.0.4147.135 Safari/537.36" {"metadata":{"emulator":{"name":"hosting"},"message":"127.0.0.1 - - [27/Aug/2020:20:32:26 +0000] \"GET /runtime.js HTTP/1.1\" 200 6299 \"http://localhost:5000/\" \"Mozilla/5.0 (Macintosh; Intel Mac OS X 10_15_5) AppleWebKit/537.36 (KHTML, like Gecko) Chrome/84.0.4147.135 Safari/537.36\""}}
[info] i  hosting: 127.0.0.1 - - [27/Aug/2020:20:32:26 +0000] "GET /polyfills.js HTTP/1.1" 200 144818 "http://localhost:5000/" "Mozilla/5.0 (Macintosh; Intel Mac OS X 10_15_5) AppleWebKit/537.36 (KHTML, like Gecko) Chrome/84.0.4147.135 Safari/537.36" {"metadata":{"emulator":{"name":"hosting"},"message":"127.0.0.1 - - [27/Aug/2020:20:32:26 +0000] \"GET /polyfills.js HTTP/1.1\" 200 144818 \"http://localhost:5000/\" \"Mozilla/5.0 (Macintosh; Intel Mac OS X 10_15_5) AppleWebKit/537.36 (KHTML, like Gecko) Chrome/84.0.4147.135 Safari/537.36\""}}
[info] i  hosting: 127.0.0.1 - - [27/Aug/2020:20:32:26 +0000] "GET /styles.js HTTP/1.1" 200 13241 "http://localhost:5000/" "Mozilla/5.0 (Macintosh; Intel Mac OS X 10_15_5) AppleWebKit/537.36 (KHTML, like Gecko) Chrome/84.0.4147.135 Safari/537.36" {"metadata":{"emulator":{"name":"hosting"},"message":"127.0.0.1 - - [27/Aug/2020:20:32:26 +0000] \"GET /styles.js HTTP/1.1\" 200 13241 \"http://localhost:5000/\" \"Mozilla/5.0 (Macintosh; Intel Mac OS X 10_15_5) AppleWebKit/537.36 (KHTML, like Gecko) Chrome/84.0.4147.135 Safari/537.36\""}}
[info] i  hosting: 127.0.0.1 - - [27/Aug/2020:20:32:26 +0000] "GET /main.js HTTP/1.1" 200 60660 "http://localhost:5000/" "Mozilla/5.0 (Macintosh; Intel Mac OS X 10_15_5) AppleWebKit/537.36 (KHTML, like Gecko) Chrome/84.0.4147.135 Safari/537.36" {"metadata":{"emulator":{"name":"hosting"},"message":"127.0.0.1 - - [27/Aug/2020:20:32:26 +0000] \"GET /main.js HTTP/1.1\" 200 60660 \"http://localhost:5000/\" \"Mozilla/5.0 (Macintosh; Intel Mac OS X 10_15_5) AppleWebKit/537.36 (KHTML, like Gecko) Chrome/84.0.4147.135 Safari/537.36\""}}
[info] i  hosting: 127.0.0.1 - - [27/Aug/2020:20:32:26 +0000] "GET /vendor.js HTTP/1.1" 200 2436284 "http://localhost:5000/" "Mozilla/5.0 (Macintosh; Intel Mac OS X 10_15_5) AppleWebKit/537.36 (KHTML, like Gecko) Chrome/84.0.4147.135 Safari/537.36" {"metadata":{"emulator":{"name":"hosting"},"message":"127.0.0.1 - - [27/Aug/2020:20:32:26 +0000] \"GET /vendor.js HTTP/1.1\" 200 2436284 \"http://localhost:5000/\" \"Mozilla/5.0 (Macintosh; Intel Mac OS X 10_15_5) AppleWebKit/537.36 (KHTML, like Gecko) Chrome/84.0.4147.135 Safari/537.36\""}}
